Blade(debug): Failed to generate scm: svn: E155007: '/data/Project/playground/Redis-playground' is not a working copy

Blade(debug): ccache found
Blade(debug): distcc found
Blade(info): loading BUILDs...
Blade(info): loading done.
Blade(info): analyzing dependency graph...
Blade(info): analyzing done.
Blade(info): generating build rules...
Blade(debug): CPP=cpp
Blade(debug): CC=gcc
Blade(debug): CXX=g++
Blade(debug): LD=g++
Blade(warning): Unsupported C/C++ flags: -Werror=format-nonliteral
Blade(info): generating done.
Blade(info): building...
Blade(info): tunes the parallel jobs number(-j N) to be 8
Blade(info): building done.
Blade(warning): error loading incremental test history, will run full test
Blade(notice): 1 tests to run
Blade(info): spawn 1 worker(s) to run tests
Blade(info): blade test executor 0 starts to work
Blade(info): [0/1] Running ['/data/Project/playground/Redis-playground/build64_release/redis/gtest_try']
Blade(info): redis:gtest_try finished : FAILED:1

Blade(error): failed tests:
redis:gtest_try triggered by NO_HISTORY, exit(1), cost 0.51 s
============================== Testing Summary ==============================
Blade(info): 1 tests scheduled to run by scheduler.
Blade(error): total 1 tests, 1 failed.
Blade(info): cost time 2s
Blade(error): failure
